<?xml version="1.0" encoding="UTF-8"?>
<!-- Generated by org.testng.reporters.JUnitReportReporter -->
<testsuite skipped="0" hostname="DESKTOP-O2RKF78" name="com.runnerfile.ZooplaRunner" tests="1" failures="0" timestamp="03 Aug 2020 21:33:09 GMT" time="12.619" errors="0">
  <testcase name="runScenario" time="12.619" classname="com.runnerfile.ZooplaRunner"/>
</testsuite> <!-- com.runnerfile.ZooplaRunner -->
