<?xml version="1.0" encoding="UTF-8"?>
<!-- Generated by org.testng.reporters.JUnitReportReporter -->
<testsuite skipped="0" hostname="DESKTOP-O2RKF78" name="com.runnerfile.ZooplaRunner" tests="1" failures="0" timestamp="03 Aug 2020 22:26:03 GMT" time="14.759" errors="0">
  <testcase name="runScenario" time="14.759" classname="com.runnerfile.ZooplaRunner"/>
</testsuite> <!-- com.runnerfile.ZooplaRunner -->
